<?xml version="1.0" encoding="UTF-8"?>
<testng-results ignored="0" total="1" passed="1" failed="0" skipped="0">
  <reporter-output>
  </reporter-output>
  <suite started-at="2020-08-07T20:26:09 IST" name="Default suite" finished-at="2020-08-07T20:26:09 IST" duration-ms="70">
    <groups>
    </groups>
    <test started-at="2020-08-07T20:26:09 IST" name="Default test" finished-at="2020-08-07T20:26:09 IST" duration-ms="70">
      <class name="com.actitime.timetrack.Demo">
        <test-method signature="run()[pri:0, instance:com.actitime.timetrack.Demo@5ccddd20]" started-at="2020-08-07T20:26:09 IST" name="run" finished-at="2020-08-07T20:26:09 IST" duration-ms="13" status="PASS">
          <reporter-output>
          </reporter-output>
        </test-method> <!-- run -->
      </class> <!-- com.actitime.timetrack.Demo -->
    </test> <!-- Default test -->
  </suite> <!-- Default suite -->
</testng-results>
